#***************************************************************************

#sjplacer

#Version:            1.1

#Build Date:         Oct  1 2015 13:46:59

#File Generated:     Oct 12 2016 11:52:29

#Purpose:            

#Copyright (C) 2010-2011 by Softjin Technologies Pvt Ltd. All rights reserved.

#***************************************************************************

Executing : C:\Program Files (x86)\Cypress\PSoC Creator\3.3\PSoC Creator\bin/sjplacer.exe --proj-name wfyd_mod_firmware --netlist-vh2 wfyd_mod_firmware_p.vh2 --arch-file C:\Program Files (x86)\Cypress\PSoC Creator\3.3\PSoC Creator\dev/arch/p35_udb4x6.ark --rrg-file C:\Program Files (x86)\Cypress\PSoC Creator\3.3\PSoC Creator\dev/psoc3/route_arch-rrg.cydata --irq-file C:\Program Files (x86)\Cypress\PSoC Creator\3.3\PSoC Creator\dev/psoc3/irqconn.cydata --drq-file C:\Program Files (x86)\Cypress\PSoC Creator\3.3\PSoC Creator\dev/psoc3/dmaconn.cydata --dsi-conn-file C:\Program Files (x86)\Cypress\PSoC Creator\3.3\PSoC Creator\dev/psoc3/dsiconn.cydata --pins-file pins_48-SSOP.xml --lib-file wfyd_mod_firmware_p.lib --sdc-file wfyd_mod_firmware.sdc --io-pcf wfyd_mod_firmware.pci --outdir .

		Softjin Techologies Placer, Version 1.1

Build Date : Oct  1 2015	13:44:59

D2004: Option and Settings Summary
=============================================================
Netlist vh2 file          - wfyd_mod_firmware_p.vh2
Architecture file         - C:\Program Files (x86)\Cypress\PSoC Creator\3.3\PSoC Creator\dev/arch/p35_udb4x6.ark
Package                   - 
Defparam file             - 
SDC file                  - wfyd_mod_firmware.sdc
Output directory          - .
Timing library            - wfyd_mod_firmware_p.lib
IO Placement file         - wfyd_mod_firmware.pci

D2050: Starting reading inputs for placer
=============================================================
D2065: Reading netlist file : "wfyd_mod_firmware_p.vh2"
D2065: Reading arch file : "C:\Program Files (x86)\Cypress\PSoC Creator\3.3\PSoC Creator\dev/arch/p35_udb4x6.ark"
D2051: Reading of inputs for placer completed successfully

D2053: Starting placement of the design
=============================================================

Phase 2
Phase 3

Design Statistics after Packing
    Number of Combinational MCs 	:	24
    Number of Sequential MCs    	:	41
    Number of DPs               	:	16
    Number of Controls          	:	15
    Number of Status            	:	8
    Number of SyncCells         	:	5
    Number of count7cells       	:	1

Device Utilization Summary after Packing
    Macrocells                  :	65/192
    UDBS                        :	20/24
    IOs                         :	24/72


D2088: Phase 3, elapsed time : 0.0 (sec)

Phase 4
D2088: Phase 4, elapsed time : 0.0 (sec)

Phase 5
D2088: Phase 5, elapsed time : 0.0 (sec)

Phase 6

######################################################################
Placement Timing Summary

The timing summary is based on estimated routing delays after
placement. For final timing report, please carry out the timing
analysis after routing.
======================================================================

######################################################################
                     Clock Summary 
======================================================================
Number of clocks: 18
Clock: ADC_Ext_CP_Clk       | Frequency: N/A       | Target:  48.0 MHz
Clock: ADC_Ext_CP_Clk(routed) | Frequency: N/A       | Target:  48.0 MHz
Clock: ADC_theACLK          | Frequency: N/A       | Target:   2.2 MHz
Clock: ADC_theACLK(fixed-function) | Frequency: N/A       | Target:   2.2 MHz
Clock: CLOCK_ENCODERS       | Frequency:  31.2 MHz | Target:   0.2 MHz
Clock: CLOCK_PWM            | Frequency:  76.9 MHz | Target:   2.0 MHz
Clock: CLOCK_PWM_1          | Frequency:  57.5 MHz | Target:   0.1 MHz
Clock: CLOCK_UART           | Frequency:  51.5 MHz | Target:  16.0 MHz
Clock: CyBUS_CLK            | Frequency:  62.3 MHz | Target:  48.0 MHz
Clock: CyBUS_CLK(fixed-function) | Frequency: N/A       | Target:  48.0 MHz
Clock: CyILO                | Frequency: N/A       | Target:   0.1 MHz
Clock: CyIMO                | Frequency: N/A       | Target:  24.0 MHz
Clock: CyMASTER_CLK         | Frequency: N/A       | Target:  48.0 MHz
Clock: CyPLL_OUT            | Frequency: N/A       | Target:  48.0 MHz
Clock: WATCHDOG_CLK         | Frequency: N/A       | Target:   0.0 MHz
Clock: WATCHDOG_CLK(fixed-function) | Frequency: N/A       | Target:   0.0 MHz
Clock: \ADC:DSM\/dec_clock  | Frequency: N/A       | Target:   0.1 MHz
Clock: timer_clock          | Frequency:  43.5 MHz | Target:   1.0 MHz

======================================================================
                     End of Clock Summary
######################################################################

D2088: Phase 6, elapsed time : 0.1 (sec)

Phase 7
######################################################################
                     Clock Summary 
======================================================================
Number of clocks: 18
Clock: ADC_Ext_CP_Clk       | Frequency: N/A       | Target:  48.0 MHz
Clock: ADC_Ext_CP_Clk(routed) | Frequency: N/A       | Target:  48.0 MHz
Clock: ADC_theACLK          | Frequency: N/A       | Target:   2.2 MHz
Clock: ADC_theACLK(fixed-function) | Frequency: N/A       | Target:   2.2 MHz
Clock: CLOCK_ENCODERS       | Frequency:   2.5 MHz | Target:   0.2 MHz
Clock: CLOCK_PWM            | Frequency:  76.9 MHz | Target:   2.0 MHz
Clock: CLOCK_PWM_1          | Frequency:  57.5 MHz | Target:   0.1 MHz
Clock: CLOCK_UART           | Frequency:  51.5 MHz | Target:  16.0 MHz
Clock: CyBUS_CLK            | Frequency:   5.0 MHz | Target:  48.0 MHz
Clock: CyBUS_CLK(fixed-function) | Frequency: N/A       | Target:  48.0 MHz
Clock: CyILO                | Frequency: N/A       | Target:   0.1 MHz
Clock: CyIMO                | Frequency: N/A       | Target:  24.0 MHz
Clock: CyMASTER_CLK         | Frequency: N/A       | Target:  48.0 MHz
Clock: CyPLL_OUT            | Frequency: N/A       | Target:  48.0 MHz
Clock: WATCHDOG_CLK         | Frequency: N/A       | Target:   0.0 MHz
Clock: WATCHDOG_CLK(fixed-function) | Frequency: N/A       | Target:   0.0 MHz
Clock: \ADC:DSM\/dec_clock  | Frequency: N/A       | Target:   0.1 MHz
Clock: timer_clock          | Frequency:  43.5 MHz | Target:   1.0 MHz

======================================================================
                     End of Clock Summary
######################################################################
D2088: Phase 7, elapsed time : 1.2 (sec)

Final Design Statistics
    Number of Combinational MCs 	:	24
    Number of Sequential MCs    	:	41
    Number of DPs               	:	16
    Number of Controls          	:	15
    Number of Status            	:	8
    Number of SyncCells         	:	5
    Number of count7cells       	:	1
    Number of IOs       	:	24

Device Utilization Summary
    Macrocells                  :	65/192
    IOs                         :	24/72



######################################################################
Placement Timing Summary

The timing summary is based on estimated routing delays after
placement. For final timing report, please carry out the timing
analysis after routing.
======================================================================


######################################################################
                     Clock Summary 
======================================================================
Number of clocks: 18
Clock: ADC_Ext_CP_Clk       | Frequency: N/A       | Target:  48.0 MHz
Clock: ADC_Ext_CP_Clk(routed) | Frequency: N/A       | Target:  48.0 MHz
Clock: ADC_theACLK          | Frequency: N/A       | Target:   2.2 MHz
Clock: ADC_theACLK(fixed-function) | Frequency: N/A       | Target:   2.2 MHz
Clock: CLOCK_ENCODERS       | Frequency:   2.5 MHz | Target:   0.2 MHz
Clock: CLOCK_PWM            | Frequency:  74.4 MHz | Target:   2.0 MHz
Clock: CLOCK_PWM_1          | Frequency:  57.5 MHz | Target:   0.1 MHz
Clock: CLOCK_UART           | Frequency:  48.1 MHz | Target:  16.0 MHz
Clock: CyBUS_CLK            | Frequency:   5.0 MHz | Target:  48.0 MHz
Clock: CyBUS_CLK(fixed-function) | Frequency: N/A       | Target:  48.0 MHz
Clock: CyILO                | Frequency: N/A       | Target:   0.1 MHz
Clock: CyIMO                | Frequency: N/A       | Target:  24.0 MHz
Clock: CyMASTER_CLK         | Frequency: N/A       | Target:  48.0 MHz
Clock: CyPLL_OUT            | Frequency: N/A       | Target:  48.0 MHz
Clock: WATCHDOG_CLK         | Frequency: N/A       | Target:   0.0 MHz
Clock: WATCHDOG_CLK(fixed-function) | Frequency: N/A       | Target:   0.0 MHz
Clock: \ADC:DSM\/dec_clock  | Frequency: N/A       | Target:   0.1 MHz
Clock: timer_clock          | Frequency:  44.6 MHz | Target:   1.0 MHz

======================================================================
                     End of Clock Summary
######################################################################

Phase 8
D2088: Phase 8, elapsed time : 0.0 (sec)

D2054: Placement of the design completed successfully

I2076: Total run-time: 2.4 sec.

