C51 COMPILER V9.51   MOTOR_EN                                                              10/12/2016 11:52:46 PAGE 1   


C51 COMPILER V9.51, COMPILATION OF MODULE MOTOR_EN
OBJECT MODULE PLACED IN .\DP8051_Keil_951\Release\MOTOR_EN.obj
COMPILER INVOKED BY: C:\Program Files (x86)\Cypress\PSoC Creator\3.3\PSoC Creator\import\keil\pk51\9.51\C51\BIN\c51.exe 
                    -.\Generated_Source\PSoC3\MOTOR_EN.c NOIV LARGE MODDP2 OMF2 VB(1) NOIP INCDIR(.,Generated_Source\PSoC3) FF(3) DB DF(NDEBU
                    -G) WL(2) PR(.\DP8051_Keil_951\Release/MOTOR_EN.lst) CD OT(8,SPEED) OJ(.\DP8051_Keil_951\Release\MOTOR_EN.obj)

line level    source

*** MESSAGE C286 IN LINE 0 OF (null): license limits optimization to level 5
   1          /*******************************************************************************
   2          * File Name: MOTOR_EN.c  
   3          * Version 2.10
   4          *
   5          * Description:
   6          *  This file contains API to enable firmware control of a Pins component.
   7          *
   8          * Note:
   9          *
  10          ********************************************************************************
  11          * Copyright 2008-2014, Cypress Semiconductor Corporation.  All rights reserved.
  12          * You may use this file only in accordance with the license, terms, conditions, 
  13          * disclaimers, and limitations in the end user license agreement accompanying 
  14          * the software package with which this file was provided.
  15          *******************************************************************************/
  16          
  17          #include "cytypes.h"
  18          #include "MOTOR_EN.h"
  19          
  20          
  21          /*******************************************************************************
  22          * Function Name: MOTOR_EN_Write
  23          ********************************************************************************
  24          *
  25          * Summary:
  26          *  Assign a new value to the digital port's data output register.  
  27          *
  28          * Parameters:  
  29          *  prtValue:  The value to be assigned to the Digital Port. 
  30          *
  31          * Return: 
  32          *  None 
  33          *  
  34          *******************************************************************************/
  35          void MOTOR_EN_Write(uint8 value) 
  36          {
  37   1          uint8 staticBits = (MOTOR_EN_DR & (uint8)(~MOTOR_EN_MASK));
  38   1          MOTOR_EN_DR = staticBits | ((uint8)(value << MOTOR_EN_SHIFT) & MOTOR_EN_MASK);
  39   1      }
  40          
  41          
  42          /*******************************************************************************
  43          * Function Name: MOTOR_EN_SetDriveMode
  44          ********************************************************************************
  45          *
  46          * Summary:
  47          *  Change the drive mode on the pins of the port.
  48          * 
  49          * Parameters:  
  50          *  mode:  Change the pins to one of the following drive modes.
  51          *
  52          *  MOTOR_EN_DM_STRONG     Strong Drive 
C51 COMPILER V9.51   MOTOR_EN                                                              10/12/2016 11:52:46 PAGE 2   

  53          *  MOTOR_EN_DM_OD_HI      Open Drain, Drives High 
  54          *  MOTOR_EN_DM_OD_LO      Open Drain, Drives Low 
  55          *  MOTOR_EN_DM_RES_UP     Resistive Pull Up 
  56          *  MOTOR_EN_DM_RES_DWN    Resistive Pull Down 
  57          *  MOTOR_EN_DM_RES_UPDWN  Resistive Pull Up/Down 
  58          *  MOTOR_EN_DM_DIG_HIZ    High Impedance Digital 
  59          *  MOTOR_EN_DM_ALG_HIZ    High Impedance Analog 
  60          *
  61          * Return: 
  62          *  None
  63          *
  64          *******************************************************************************/
  65          void MOTOR_EN_SetDriveMode(uint8 mode) 
  66          {
  67   1              CyPins_SetPinDriveMode(MOTOR_EN_0, mode);
  68   1              CyPins_SetPinDriveMode(MOTOR_EN_1, mode);
  69   1      }
  70          
  71          
  72          /*******************************************************************************
  73          * Function Name: MOTOR_EN_Read
  74          ********************************************************************************
  75          *
  76          * Summary:
  77          *  Read the current value on the pins of the Digital Port in right justified 
  78          *  form.
  79          *
  80          * Parameters:  
  81          *  None 
  82          *
  83          * Return: 
  84          *  Returns the current value of the Digital Port as a right justified number
  85          *  
  86          * Note:
  87          *  Macro MOTOR_EN_ReadPS calls this function. 
  88          *  
  89          *******************************************************************************/
  90          uint8 MOTOR_EN_Read(void) 
  91          {
  92   1          return (MOTOR_EN_PS & MOTOR_EN_MASK) >> MOTOR_EN_SHIFT;
  93   1      }
  94          
  95          
  96          /*******************************************************************************
  97          * Function Name: MOTOR_EN_ReadDataReg
  98          ********************************************************************************
  99          *
 100          * Summary:
 101          *  Read the current value assigned to a Digital Port's data output register
 102          *
 103          * Parameters:  
 104          *  None 
 105          *
 106          * Return: 
 107          *  Returns the current value assigned to the Digital Port's data output register
 108          *  
 109          *******************************************************************************/
 110          uint8 MOTOR_EN_ReadDataReg(void) 
 111          {
 112   1          return (MOTOR_EN_DR & MOTOR_EN_MASK) >> MOTOR_EN_SHIFT;
 113   1      }
 114          
C51 COMPILER V9.51   MOTOR_EN                                                              10/12/2016 11:52:46 PAGE 3   

 115          
 116          /* If Interrupts Are Enabled for this Pins component */ 
 117          #if defined(MOTOR_EN_INTSTAT) 
              
                  /*******************************************************************************
                  * Function Name: MOTOR_EN_ClearInterrupt
                  ********************************************************************************
                  *
                  * Summary:
                  *  Clears any active interrupts attached to port and returns the value of the 
                  *  interrupt status register.
                  *
                  * Parameters:  
                  *  None 
                  *
                  * Return: 
                  *  Returns the value of the interrupt status register
                  *  
                  *******************************************************************************/
                  uint8 MOTOR_EN_ClearInterrupt(void) 
                  {
                      return (MOTOR_EN_INTSTAT & MOTOR_EN_MASK) >> MOTOR_EN_SHIFT;
                  }
              
              #endif /* If Interrupts Are Enabled for this Pins component */ 
 140          
 141          
 142          /* [] END OF FILE */
C51 COMPILER V9.51   MOTOR_EN                                                              10/12/2016 11:52:46 PAGE 4   

ASSEMBLY LISTING OF GENERATED OBJECT CODE


             ; FUNCTION _MOTOR_EN_Write (BEGIN)
                                           ; SOURCE LINE # 35
;---- Variable 'value' assigned to Register 'R7' ----
                                           ; SOURCE LINE # 36
                                           ; SOURCE LINE # 37
0000 905110            MOV     DPTR,#05110H
0003 E0                MOVX    A,@DPTR
0004 549F              ANL     A,#09FH
0006 FE                MOV     R6,A
;---- Variable 'staticBits' assigned to Register 'R6' ----
                                           ; SOURCE LINE # 38
0007 EF                MOV     A,R7
0008 C4                SWAP    A
0009 33                RLC     A
000A 5460              ANL     A,#060H
000C 4E                ORL     A,R6
000D F0                MOVX    @DPTR,A
                                           ; SOURCE LINE # 39
000E 22                RET     
             ; FUNCTION _MOTOR_EN_Write (END)

             ; FUNCTION _MOTOR_EN_SetDriveMode (BEGIN)
                                           ; SOURCE LINE # 65
;---- Variable 'mode' assigned to Register 'R7' ----
                                           ; SOURCE LINE # 66
                                           ; SOURCE LINE # 67
0000 EF                MOV     A,R7
0001 540E              ANL     A,#0EH
0003 FE                MOV     R6,A
0004 90500D            MOV     DPTR,#0500DH
0007 E0                MOVX    A,@DPTR
0008 54F1              ANL     A,#0F1H
000A 4E                ORL     A,R6
000B F0                MOVX    @DPTR,A
                                           ; SOURCE LINE # 68
000C A3                INC     DPTR
000D E0                MOVX    A,@DPTR
000E 54F1              ANL     A,#0F1H
0010 4E                ORL     A,R6
0011 F0                MOVX    @DPTR,A
                                           ; SOURCE LINE # 69
0012 22                RET     
             ; FUNCTION _MOTOR_EN_SetDriveMode (END)

             ; FUNCTION MOTOR_EN_Read (BEGIN)
                                           ; SOURCE LINE # 90
                                           ; SOURCE LINE # 91
                                           ; SOURCE LINE # 92
0000 905111            MOV     DPTR,#05111H
0003 E0                MOVX    A,@DPTR
0004 5460              ANL     A,#060H
0006 7E00              MOV     R6,#00H
0008 7805              MOV     R0,#05H
000A         ?C0005:
000A CE                XCH     A,R6
000B C3                CLR     C
000C 13                RRC     A
000D CE                XCH     A,R6
000E 13                RRC     A
C51 COMPILER V9.51   MOTOR_EN                                                              10/12/2016 11:52:46 PAGE 5   

000F D8F9              DJNZ    R0,?C0005
0011 FF                MOV     R7,A
                                           ; SOURCE LINE # 93
0012         ?C0003:
0012 22                RET     
             ; FUNCTION MOTOR_EN_Read (END)

             ; FUNCTION MOTOR_EN_ReadDataReg (BEGIN)
                                           ; SOURCE LINE # 110
                                           ; SOURCE LINE # 111
                                           ; SOURCE LINE # 112
0000 905110            MOV     DPTR,#05110H
0003 E0                MOVX    A,@DPTR
0004 5460              ANL     A,#060H
0006 7E00              MOV     R6,#00H
0008 7805              MOV     R0,#05H
000A         ?C0006:
000A CE                XCH     A,R6
000B C3                CLR     C
000C 13                RRC     A
000D CE                XCH     A,R6
000E 13                RRC     A
000F D8F9              DJNZ    R0,?C0006
0011 FF                MOV     R7,A
                                           ; SOURCE LINE # 113
0012         ?C0004:
0012 22                RET     
             ; FUNCTION MOTOR_EN_ReadDataReg (END)



MODULE INFORMATION:   STATIC OVERLAYABLE
   CODE SIZE        =     72    ----
   CONSTANT SIZE    =   ----    ----
   XDATA SIZE       =   ----    ----
   PDATA SIZE       =   ----    ----
   DATA SIZE        =   ----    ----
   IDATA SIZE       =   ----    ----
   BIT SIZE         =   ----    ----
   EDATA SIZE       =   ----    ----
   HDATA SIZE       =   ----    ----
   XDATA CONST SIZE =   ----    ----
   FAR CONST SIZE   =   ----    ----
END OF MODULE INFORMATION.


C51 COMPILATION COMPLETE.  0 WARNING(S),  0 ERROR(S)
